{"level":"error","message":"cannot get genres"}
{"level":"error","message":"cannot get genres"}
{"level":"error","message":"cannot get genres"}
{"message":"Connected to databse...","level":"info"}
{"message":"Connected to databse...","level":"info"}
{"message":"Connected to databse...","level":"info"}
{"message":"Connected to databse...","level":"info"}
{"message":"Connected to databse...","level":"info"}
{"message":"Connected to databse...","level":"info"}
{"message":"Connected to databse...","level":"info"}
{"message":"Connected to databse...","level":"info"}
{"message":"Connected to databse...","level":"info"}
{"message":"Connected to databse...","level":"info"}
{"message":"Connected to databse...","level":"info"}
{"message":"Connected to databse...","level":"info"}
{"message":"Connected to databse...","level":"info"}
{"message":"Connected to databse...","level":"info"}
{"message":"Connected to databse...","level":"info"}
{"message":"Connected to databse...","level":"info"}
{"message":"Connected to databse...","level":"info"}
{"message":"Connected to databse...","level":"info"}
{"message":"Listening on port 8080...","level":"info"}
{"message":"Connected to databse...","level":"info"}
{"message":"Listening on port 8080...","level":"info"}
{"message":"Connected to databse...","level":"info"}
{"message":"Listening on port 8080...","level":"info"}
{"message":"Connected to databse...","level":"info"}
{"message":"Listening on port 8080...","level":"info"}
{"message":"Connected to databse...","level":"info"}
{"message":"Listening on port 8080...","level":"info"}
{"message":"Connected to databse...","level":"info"}
{"message":"Listening on port 9000...","level":"info"}
{"message":"Connected to databse...","level":"info"}
{"message":"Listening on port 9000...","level":"info"}
{"message":"Connected to databse...","level":"info"}
{"message":"Listening on port 9000...","level":"info"}
{"message":"Connected to databse...","level":"info"}
{"message":"Connected to databse...","level":"info"}
{"message":"Listening on port 9000...","level":"info"}
{"message":"Connected to databse...","level":"info"}
{"message":"Listening on port 9000...","level":"info"}
{"message":"Connected to databse...","level":"info"}
{"message":"Listening on port 9000...","level":"info"}
{"message":"Connected to databse...","level":"info"}
{"message":"Listening on port 9000...","level":"info"}
{"message":"Connected to databse...","level":"info"}
{"message":"Listening on port 9000...","level":"info"}
{"message":"Connected to databse...","level":"info"}
{"level":"error","message":"Unexpected token / in JSON at position 25"}
{"level":"error","message":"Unexpected token / in JSON at position 6"}
{"message":"Listening on port 9000...","level":"info"}
{"message":"Connected to databse...","level":"info"}
{"level":"error","message":"Unexpected token / in JSON at position 6"}
{"message":"Listening on port 9000...","level":"info"}
{"message":"Connected to databse...","level":"info"}
{"message":"Listening on port 9000...","level":"info"}
{"message":"Connected to databse...","level":"info"}
{"level":"error","message":"validateGenre is not a function"}
{"level":"error","message":"validateGenre is not a function"}
